0 info it worked if it ends with ok
1 verbose cli [ '/usr/bin/node', '/usr/bin/npm', 'run', 'gulp' ]
2 info using npm@3.5.2
3 info using node@v8.10.0
4 verbose run-script [ 'pregulp', 'gulp', 'postgulp' ]
5 info lifecycle barber-jekyll@1.0.0~pregulp: barber-jekyll@1.0.0
6 silly lifecycle barber-jekyll@1.0.0~pregulp: no script for pregulp, continuing
7 info lifecycle barber-jekyll@1.0.0~gulp: barber-jekyll@1.0.0
8 verbose lifecycle barber-jekyll@1.0.0~gulp: unsafe-perm in lifecycle true
9 verbose lifecycle barber-jekyll@1.0.0~gulp: PATH: /usr/share/npm/bin/node-gyp-bin:/home/tanuki/Projects/katya-bondar-site/node_modules/.bin:/usr/local/sbin:/usr/local/bin:/usr/sbin:/usr/bin:/sbin:/bin:/snap/bin
10 verbose lifecycle barber-jekyll@1.0.0~gulp: CWD: /home/tanuki/Projects/katya-bondar-site
11 silly lifecycle barber-jekyll@1.0.0~gulp: Args: [ '-c', 'gulp' ]
12 info lifecycle barber-jekyll@1.0.0~gulp: Failed to exec gulp script
13 verbose stack Error: barber-jekyll@1.0.0 gulp: `gulp`
13 verbose stack spawn ENOENT
13 verbose stack     at ChildProcess.<anonymous> (/usr/share/npm/lib/utils/spawn.js:17:16)
13 verbose stack     at emitTwo (events.js:126:13)
13 verbose stack     at ChildProcess.emit (events.js:214:7)
13 verbose stack     at maybeClose (internal/child_process.js:925:16)
13 verbose stack     at Process.ChildProcess._handle.onexit (internal/child_process.js:209:5)
14 verbose pkgid barber-jekyll@1.0.0
15 verbose cwd /home/tanuki/Projects/katya-bondar-site
16 error Linux 5.0.0-37-generic
17 error argv "/usr/bin/node" "/usr/bin/npm" "run" "gulp"
18 error node v8.10.0
19 error npm  v3.5.2
20 error file sh
21 error code ELIFECYCLE
22 error errno ENOENT
23 error syscall spawn
24 error barber-jekyll@1.0.0 gulp: `gulp`
24 error spawn ENOENT
25 error Failed at the barber-jekyll@1.0.0 gulp script 'gulp'.
25 error Make sure you have the latest version of node.js and npm installed.
25 error If you do, this is most likely a problem with the barber-jekyll package,
25 error not with npm itself.
25 error Tell the author that this fails on your system:
25 error     gulp
25 error You can get information on how to open an issue for this project with:
25 error     npm bugs barber-jekyll
25 error Or if that isn't available, you can get their info via:
25 error     npm owner ls barber-jekyll
25 error There is likely additional logging output above.
26 verbose exit [ 1, true ]
